[2026-03-22T05:37:34.742232+00:00] BUAT-REGISTRASI.INFO: === MULAI PROSES REGISTER ===  
[2026-03-22T05:37:34.749027+00:00] BUAT-REGISTRASI.INFO: Kode user berhasil dibuat: USR-202603-0000  
[2026-03-22T05:37:34.979465+00:00] BUAT-REGISTRASI.ERROR: === GAGAL REGISTER === SQLSTATE[23502]: Not null violation: 7 ERROR:  null value in column "password_tampil" of relation "tbl_user" violates not-null constraint
DETAIL:  Failing row contains (USR-202603-0000, ADMIN, $2y$12$8K7bm14iKwy8vWok7oTkYOXChRViBHapY1536jYqj9KfDIhYquyLm, null, ACTIVE, TIDAK, 1, null, null, 2026-03-22, 12:37:34). (Connection: pgsql, SQL: insert into "tbl_user" ("kd_user", "user_name", "password", "level_user_id", "status_user", "tgl_input", "waktu_input") values (USR-202603-0000, ADMIN, $2y$12$8K7bm14iKwy8vWok7oTkYOXChRViBHapY1536jYqj9KfDIhYquyLm, 1, ACTIVE, 2026-03-22, 12:37:34))  
[2026-03-22T05:37:37.061534+00:00] BUAT-REGISTRASI.INFO: === MULAI PROSES REGISTER ===  
[2026-03-22T05:37:37.065311+00:00] BUAT-REGISTRASI.INFO: Kode user berhasil dibuat: USR-202603-0000  
[2026-03-22T05:37:37.272627+00:00] BUAT-REGISTRASI.ERROR: === GAGAL REGISTER === SQLSTATE[23502]: Not null violation: 7 ERROR:  null value in column "password_tampil" of relation "tbl_user" violates not-null constraint
DETAIL:  Failing row contains (USR-202603-0000, ADMIN, $2y$12$lwUsu3hx6GgxljirFJdGxe5bV3HMfo8sY8FiPDjz6t25FSVhNKmBK, null, ACTIVE, TIDAK, 1, null, null, 2026-03-22, 12:37:37). (Connection: pgsql, SQL: insert into "tbl_user" ("kd_user", "user_name", "password", "level_user_id", "status_user", "tgl_input", "waktu_input") values (USR-202603-0000, ADMIN, $2y$12$lwUsu3hx6GgxljirFJdGxe5bV3HMfo8sY8FiPDjz6t25FSVhNKmBK, 1, ACTIVE, 2026-03-22, 12:37:37))  
[2026-03-22T05:37:37.503370+00:00] BUAT-REGISTRASI.INFO: === MULAI PROSES REGISTER ===  
[2026-03-22T05:37:37.507139+00:00] BUAT-REGISTRASI.INFO: Kode user berhasil dibuat: USR-202603-0000  
[2026-03-22T05:37:37.719607+00:00] BUAT-REGISTRASI.ERROR: === GAGAL REGISTER === SQLSTATE[23502]: Not null violation: 7 ERROR:  null value in column "password_tampil" of relation "tbl_user" violates not-null constraint
DETAIL:  Failing row contains (USR-202603-0000, ADMIN, $2y$12$OsXRXq.CEPD53nd6r6XCoOYtjej2nEvxpSyrStb0J.otBW/KUbPCK, null, ACTIVE, TIDAK, 1, null, null, 2026-03-22, 12:37:37). (Connection: pgsql, SQL: insert into "tbl_user" ("kd_user", "user_name", "password", "level_user_id", "status_user", "tgl_input", "waktu_input") values (USR-202603-0000, ADMIN, $2y$12$OsXRXq.CEPD53nd6r6XCoOYtjej2nEvxpSyrStb0J.otBW/KUbPCK, 1, ACTIVE, 2026-03-22, 12:37:37))  
[2026-03-22T05:37:38.905848+00:00] BUAT-REGISTRASI.INFO: === MULAI PROSES REGISTER ===  
[2026-03-22T05:37:38.909665+00:00] BUAT-REGISTRASI.INFO: Kode user berhasil dibuat: USR-202603-0000  
[2026-03-22T05:37:39.110760+00:00] BUAT-REGISTRASI.ERROR: === GAGAL REGISTER === SQLSTATE[23502]: Not null violation: 7 ERROR:  null value in column "password_tampil" of relation "tbl_user" violates not-null constraint
DETAIL:  Failing row contains (USR-202603-0000, ADMIN, $2y$12$rSjRt/pJeYBX9rvUby83suLdCOxdNyFTJDkF86QEtDLyenoHx1hVK, null, ACTIVE, TIDAK, 1, null, null, 2026-03-22, 12:37:38). (Connection: pgsql, SQL: insert into "tbl_user" ("kd_user", "user_name", "password", "level_user_id", "status_user", "tgl_input", "waktu_input") values (USR-202603-0000, ADMIN, $2y$12$rSjRt/pJeYBX9rvUby83suLdCOxdNyFTJDkF86QEtDLyenoHx1hVK, 1, ACTIVE, 2026-03-22, 12:37:38))  
[2026-03-22T05:39:45.430563+00:00] BUAT-REGISTRASI.INFO: === MULAI PROSES REGISTER ===  
[2026-03-22T05:39:45.434529+00:00] BUAT-REGISTRASI.INFO: Kode user berhasil dibuat: USR-202603-0000  
[2026-03-22T05:39:45.640350+00:00] BUAT-REGISTRASI.ERROR: === GAGAL REGISTER === SQLSTATE[23502]: Not null violation: 7 ERROR:  null value in column "password_tampil" of relation "tbl_user" violates not-null constraint
DETAIL:  Failing row contains (USR-202603-0000, ADMIN, $2y$12$xzfcyR0fgE1ZpFQthbnYd.EChVAWd3So.Mg1JM82aYNp3tQfW.6qu, null, ACTIVE, TIDAK, 1, null, null, 2026-03-22, 12:39:45). (Connection: pgsql, SQL: insert into "tbl_user" ("kd_user", "user_name", "password", "level_user_id", "status_user", "tgl_input", "waktu_input") values (USR-202603-0000, ADMIN, $2y$12$xzfcyR0fgE1ZpFQthbnYd.EChVAWd3So.Mg1JM82aYNp3tQfW.6qu, 1, ACTIVE, 2026-03-22, 12:39:45))  
[2026-03-22T05:39:45.856140+00:00] BUAT-REGISTRASI.INFO: === MULAI PROSES REGISTER ===  
[2026-03-22T05:39:45.860027+00:00] BUAT-REGISTRASI.INFO: Kode user berhasil dibuat: USR-202603-0000  
[2026-03-22T05:39:46.071465+00:00] BUAT-REGISTRASI.ERROR: === GAGAL REGISTER === SQLSTATE[23502]: Not null violation: 7 ERROR:  null value in column "password_tampil" of relation "tbl_user" violates not-null constraint
DETAIL:  Failing row contains (USR-202603-0000, ADMIN, $2y$12$nM.n9Lvo/J5Q0WmgdwITdOKEhQOyDfu/S65KO7YUdIIPJ2xWGuqSG, null, ACTIVE, TIDAK, 1, null, null, 2026-03-22, 12:39:45). (Connection: pgsql, SQL: insert into "tbl_user" ("kd_user", "user_name", "password", "level_user_id", "status_user", "tgl_input", "waktu_input") values (USR-202603-0000, ADMIN, $2y$12$nM.n9Lvo/J5Q0WmgdwITdOKEhQOyDfu/S65KO7YUdIIPJ2xWGuqSG, 1, ACTIVE, 2026-03-22, 12:39:45))  
[2026-03-22T05:39:53.362161+00:00] BUAT-REGISTRASI.INFO: === MULAI PROSES REGISTER ===  
[2026-03-22T05:39:53.365807+00:00] BUAT-REGISTRASI.INFO: Kode user berhasil dibuat: USR-202603-0000  
[2026-03-22T05:39:53.577347+00:00] BUAT-REGISTRASI.ERROR: === GAGAL REGISTER === SQLSTATE[23502]: Not null violation: 7 ERROR:  null value in column "password_tampil" of relation "tbl_user" violates not-null constraint
DETAIL:  Failing row contains (USR-202603-0000, ADMIN, $2y$12$7YCNZN7AlPOIpjfDQN1pCelCHTMXd4HAnJT.w7rGvXmU5rS3SqMki, null, ACTIVE, TIDAK, 1, null, null, 2026-03-22, 12:39:53). (Connection: pgsql, SQL: insert into "tbl_user" ("kd_user", "user_name", "password", "level_user_id", "status_user", "tgl_input", "waktu_input") values (USR-202603-0000, ADMIN, $2y$12$7YCNZN7AlPOIpjfDQN1pCelCHTMXd4HAnJT.w7rGvXmU5rS3SqMki, 1, ACTIVE, 2026-03-22, 12:39:53))  
[2026-03-22T05:40:54.422887+00:00] BUAT-REGISTRASI.INFO: === MULAI PROSES REGISTER ===  
[2026-03-22T05:40:54.427110+00:00] BUAT-REGISTRASI.INFO: Kode user berhasil dibuat: USR-202603-0000  
[2026-03-22T05:40:54.646761+00:00] BUAT-REGISTRASI.INFO: === BERHASIL SIMPAN DATA USER ===  
[2026-03-22T05:42:00.817740+00:00] BUAT-REGISTRASI.INFO: === MULAI PROSES REGISTER ===  
[2026-03-22T05:42:00.821802+00:00] BUAT-REGISTRASI.INFO: Kode user berhasil dibuat: USR-202603-0001  
[2026-03-22T05:42:01.036196+00:00] BUAT-REGISTRASI.INFO: === BERHASIL SIMPAN DATA USER ===  
[2026-03-22T05:44:45.982150+00:00] BUAT-REGISTRASI.INFO: === MULAI PROSES REGISTER ===  
[2026-03-22T05:44:45.986284+00:00] BUAT-REGISTRASI.INFO: Kode user berhasil dibuat: USR-202603-0002  
[2026-03-22T05:44:46.197103+00:00] BUAT-REGISTRASI.INFO: === BERHASIL SIMPAN DATA USER ===  
[2026-03-23T04:37:06.503107+00:00] VALIDASI LOGIN.INFO: <=== LOLOS TAHAP 1 =====>  
[2026-03-23T04:37:06.508963+00:00] VALIDASI LOGIN.INFO: <=== LOLOS TAHAP 2 =====>  
[2026-03-23T04:38:06.263300+00:00] VALIDASI LOGIN.INFO: <=== LOLOS TAHAP 1 =====>  
[2026-03-23T04:38:06.268911+00:00] VALIDASI LOGIN.INFO: <=== LOLOS TAHAP 2 =====>  
[2026-03-23T04:39:30.105632+00:00] VALIDASI LOGIN.INFO: <=== LOLOS TAHAP 1 =====>  
[2026-03-23T04:39:30.111647+00:00] VALIDASI LOGIN.INFO: <=== LOLOS TAHAP 2 =====>  
[2026-03-23T04:39:42.265967+00:00] VALIDASI LOGIN.INFO: <=== LOLOS TAHAP 1 =====>  
[2026-03-23T04:39:42.271590+00:00] VALIDASI LOGIN.INFO: <=== LOLOS TAHAP 2 =====>  
[2026-03-23T04:40:59.966625+00:00] VALIDASI LOGIN.INFO: <=== LOLOS TAHAP 1 =====>  
[2026-03-23T04:40:59.972994+00:00] VALIDASI LOGIN.INFO: <=== LOLOS TAHAP 2 =====>  
[2026-03-23T04:43:16.325107+00:00] VALIDASI LOGIN.INFO: <=== LOLOS TAHAP 1 =====>  
[2026-03-23T04:43:16.331499+00:00] VALIDASI LOGIN.INFO: <=== LOLOS TAHAP 2 =====>  
[2026-03-23T04:44:58.758343+00:00] VALIDASI LOGIN.INFO: <=== LOLOS TAHAP 1 =====>  
[2026-03-23T04:44:58.764033+00:00] VALIDASI LOGIN.INFO: <=== LOLOS TAHAP 2 =====>  
[2026-03-23T04:44:58.810415+00:00] LOGIN.ERROR: USER TIDAK DITEMUKAN {"user_name":"RWQRQW"} 
[2026-03-23T04:53:44.458566+00:00] VALIDASI LOGIN.INFO: <=== LOLOS TAHAP 1 =====>  
[2026-03-23T04:53:44.464458+00:00] VALIDASI LOGIN.INFO: <=== LOLOS TAHAP 2 =====>  
[2026-03-23T04:53:44.499870+00:00] LOGIN.ERROR: USER TIDAK DITEMUKAN {"user_name":"QWQD"} 
[2026-03-23T04:54:56.042724+00:00] VALIDASI LOGIN.INFO: <=== LOLOS TAHAP 1 =====>  
[2026-03-23T04:54:56.048226+00:00] VALIDASI LOGIN.INFO: <=== LOLOS TAHAP 2 =====>  
[2026-03-23T04:54:56.202287+00:00] LOGIN.ERROR: USER TIDAK DITEMUKAN {"user_name":"DSDADA"} 
[2026-03-23T04:55:02.659438+00:00] VALIDASI LOGIN.INFO: <=== LOLOS TAHAP 1 =====>  
[2026-03-23T04:55:02.664968+00:00] VALIDASI LOGIN.INFO: <=== LOLOS TAHAP 2 =====>  
